0 info it worked if it ends with ok
1 verbose cli [ '/usr/bin/nodejs',
1 verbose cli   '/usr/bin/npm',
1 verbose cli   'install',
1 verbose cli   '-g',
1 verbose cli   'heroku-git' ]
2 info using npm@2.15.11
3 info using node@v4.8.2
4 verbose install initial load of /usr/lib/package.json
5 verbose readDependencies loading dependencies from /usr/lib/package.json
6 silly cache add args [ 'heroku-git', null ]
7 verbose cache add spec heroku-git
8 silly cache add parsed spec Result {
8 silly cache add   raw: 'heroku-git',
8 silly cache add   scope: null,
8 silly cache add   name: 'heroku-git',
8 silly cache add   rawSpec: '',
8 silly cache add   spec: 'latest',
8 silly cache add   type: 'tag' }
9 silly addNamed heroku-git@latest
10 verbose addNamed "latest" is being treated as a dist-tag for heroku-git
11 info addNameTag [ 'heroku-git', 'latest' ]
12 silly mapToRegistry name heroku-git
13 silly mapToRegistry using default registry
14 silly mapToRegistry registry https://registry.npmjs.org/
15 silly mapToRegistry data Result {
15 silly mapToRegistry   raw: 'heroku-git',
15 silly mapToRegistry   scope: null,
15 silly mapToRegistry   name: 'heroku-git',
15 silly mapToRegistry   rawSpec: '',
15 silly mapToRegistry   spec: 'latest',
15 silly mapToRegistry   type: 'tag' }
16 silly mapToRegistry uri https://registry.npmjs.org/heroku-git
17 verbose addNameTag registry:https://registry.npmjs.org/heroku-git not in flight; fetching
18 verbose request uri https://registry.npmjs.org/heroku-git
19 verbose request no auth needed
20 info attempt registry request try #1 at 23:29:09
21 verbose request id 8df1e4814bef2fe5
22 verbose etag W/"5956c1bd-10e06"
23 verbose lastModified Fri, 30 Jun 2017 21:25:17 GMT
24 http request GET https://registry.npmjs.org/heroku-git
25 http 304 https://registry.npmjs.org/heroku-git
26 verbose headers { date: 'Thu, 27 Jul 2017 21:29:09 GMT',
26 verbose headers   via: '1.1 varnish',
26 verbose headers   'cache-control': 'max-age=300',
26 verbose headers   etag: 'W/"5956c1bd-10e06"',
26 verbose headers   age: '13',
26 verbose headers   connection: 'keep-alive',
26 verbose headers   'x-served-by': 'cache-mad9434-MAD',
26 verbose headers   'x-cache': 'HIT',
26 verbose headers   'x-cache-hits': '1',
26 verbose headers   'x-timer': 'S1501190949.183576,VS0,VE0',
26 verbose headers   vary: 'Accept-Encoding, Accept' }
27 silly get cb [ 304,
27 silly get   { date: 'Thu, 27 Jul 2017 21:29:09 GMT',
27 silly get     via: '1.1 varnish',
27 silly get     'cache-control': 'max-age=300',
27 silly get     etag: 'W/"5956c1bd-10e06"',
27 silly get     age: '13',
27 silly get     connection: 'keep-alive',
27 silly get     'x-served-by': 'cache-mad9434-MAD',
27 silly get     'x-cache': 'HIT',
27 silly get     'x-cache-hits': '1',
27 silly get     'x-timer': 'S1501190949.183576,VS0,VE0',
27 silly get     vary: 'Accept-Encoding, Accept' } ]
28 verbose etag https://registry.npmjs.org/heroku-git from cache
29 verbose get saving heroku-git to /home/rodrigo/.npm/registry.npmjs.org/heroku-git/.cache.json
30 verbose correctMkdir /home/rodrigo/.npm correctMkdir not in flight; initializing
31 silly addNameTag next cb for heroku-git with tag latest
32 silly addNamed heroku-git@2.5.19
33 verbose addNamed "2.5.19" is a plain semver version for heroku-git
34 silly cache afterAdd heroku-git@2.5.19
35 verbose afterAdd /home/rodrigo/.npm/heroku-git/2.5.19/package/package.json not in flight; writing
36 verbose correctMkdir /home/rodrigo/.npm correctMkdir not in flight; initializing
37 verbose afterAdd /home/rodrigo/.npm/heroku-git/2.5.19/package/package.json written
38 silly install resolved [ { name: 'heroku-git',
38 silly install resolved     description: 'Heroku CLI plugin to manage local git repos.',
38 silly install resolved     version: '2.5.19',
38 silly install resolved     author: { name: 'Jeff Dickey', url: '@dickeyxxx' },
38 silly install resolved     bugs: { url: 'https://github.com/heroku/heroku-git/issues' },
38 silly install resolved     dependencies: { co: '4.6.0', 'heroku-cli-util': '^6.2.0' },
38 silly install resolved     devDependencies:
38 silly install resolved      { 'codeclimate-test-reporter': '^0.5.0',
38 silly install resolved        coveralls: '^2.13.1',
38 silly install resolved        mocha: '^3.4.2',
38 silly install resolved        'mocha-junit-reporter': '1.13.0',
38 silly install resolved        nock: '^9.0.13',
38 silly install resolved        nyc: '^11.0.3',
38 silly install resolved        proxyquire: '^1.8.0',
38 silly install resolved        sinon: '^2.3.6',
38 silly install resolved        standard: '^10.0.2',
38 silly install resolved        unexpected: '^10.29.0' },
38 silly install resolved     homepage: 'https://github.com/heroku/heroku-git',
38 silly install resolved     keywords: [ 'heroku-plugin' ],
38 silly install resolved     license: 'ISC',
38 silly install resolved     main: 'index.js',
38 silly install resolved     repository:
38 silly install resolved      { type: 'git',
38 silly install resolved        url: 'git+https://github.com/heroku/heroku-git.git' },
38 silly install resolved     scripts: { test: 'nyc mocha && standard' },
38 silly install resolved     gitHead: 'f22dfa8e01eb098c65775491d42d923a5567e97a',
38 silly install resolved     _id: 'heroku-git@2.5.19',
38 silly install resolved     _npmVersion: '5.0.3',
38 silly install resolved     _nodeVersion: '7.10.0',
38 silly install resolved     _npmUser: { name: 'dickeyxxx', email: 'dickeytk+npm@gmail.com' },
38 silly install resolved     dist:
38 silly install resolved      { integrity: 'sha512-mWahi5zTlUqcOeSuGIg+5+cFYKh5THzlA0b+37TJbhVFRfIBZQhfm4JvDJRsNugu5XwrPMvKFN6WzzdZ/auvfQ==',
38 silly install resolved        shasum: '10bf72009303608b3db6744e3ce2b8e994d69270',
38 silly install resolved        tarball: 'https://registry.npmjs.org/heroku-git/-/heroku-git-2.5.19.tgz' },
38 silly install resolved     maintainers: [ [Object], [Object], [Object], [Object], [Object] ],
38 silly install resolved     _npmOperationalInternal:
38 silly install resolved      { host: 's3://npm-registry-packages',
38 silly install resolved        tmp: 'tmp/heroku-git-2.5.19.tgz_1498857917225_0.872881933581084' },
38 silly install resolved     directories: {},
38 silly install resolved     _shasum: '10bf72009303608b3db6744e3ce2b8e994d69270',
38 silly install resolved     _resolved: 'https://registry.npmjs.org/heroku-git/-/heroku-git-2.5.19.tgz',
38 silly install resolved     _from: 'heroku-git@latest',
38 silly install resolved     readme: 'ERROR: No README data found!' } ]
39 info install heroku-git@2.5.19 into /usr/lib
40 info installOne heroku-git@2.5.19
41 verbose installOne of heroku-git to /usr/lib not in flight; installing
42 verbose correctMkdir /home/rodrigo/.npm/_locks correctMkdir not in flight; initializing
43 verbose lock using /home/rodrigo/.npm/_locks/heroku-git-513644c39466b7c3.lock for /usr/lib/node_modules/heroku-git
44 silly install write writing heroku-git 2.5.19 to /usr/lib/node_modules/heroku-git
45 verbose unbuild lib/node_modules/heroku-git
46 silly gentlyRm /usr/lib/node_modules/heroku-git is being purged from base /usr
47 verbose gentlyRm don't care about contents; nuking /usr/lib/node_modules/heroku-git
48 verbose tar unpack /home/rodrigo/.npm/heroku-git/2.5.19/package.tgz
49 verbose tar unpacking to /usr/lib/node_modules/heroku-git
50 silly gentlyRm /usr/lib/node_modules/heroku-git is being purged
51 verbose gentlyRm don't care about contents; nuking /usr/lib/node_modules/heroku-git
52 silly gunzTarPerm modes [ '775', '664' ]
53 error tar.unpack untar error /home/rodrigo/.npm/heroku-git/2.5.19/package.tgz
54 verbose unlock done using /home/rodrigo/.npm/_locks/heroku-git-513644c39466b7c3.lock for /usr/lib/node_modules/heroku-git
55 verbose fstream_path /usr/lib/node_modules/heroku-git
56 verbose fstream_type Directory
57 verbose fstream_class DirWriter
58 verbose stack Error: EACCES: permission denied, mkdir '/usr/lib/node_modules/heroku-git'
58 verbose stack     at Error (native)
59 verbose fstream_stack /usr/lib/node_modules/npm/node_modules/fstream/lib/dir-writer.js:35:25
59 verbose fstream_stack /usr/lib/node_modules/npm/node_modules/mkdirp/index.js:47:53
59 verbose fstream_stack FSReqWrap.oncomplete (fs.js:82:15)
60 verbose cwd /home/rodrigo/proyectos/pruebaFluon/fluon_test_meteor
61 error Linux 3.2.0-54-generic
62 error argv "/usr/bin/nodejs" "/usr/bin/npm" "install" "-g" "heroku-git"
63 error node v4.8.2
64 error npm  v2.15.11
65 error path /usr/lib/node_modules/heroku-git
66 error code EACCES
67 error errno -13
68 error syscall mkdir
69 error Error: EACCES: permission denied, mkdir '/usr/lib/node_modules/heroku-git'
69 error     at Error (native)
69 error  { [Error: EACCES: permission denied, mkdir '/usr/lib/node_modules/heroku-git']
69 error   errno: -13,
69 error   code: 'EACCES',
69 error   syscall: 'mkdir',
69 error   path: '/usr/lib/node_modules/heroku-git',
69 error   fstream_type: 'Directory',
69 error   fstream_path: '/usr/lib/node_modules/heroku-git',
69 error   fstream_class: 'DirWriter',
69 error   fstream_stack:
69 error    [ '/usr/lib/node_modules/npm/node_modules/fstream/lib/dir-writer.js:35:25',
69 error      '/usr/lib/node_modules/npm/node_modules/mkdirp/index.js:47:53',
69 error      'FSReqWrap.oncomplete (fs.js:82:15)' ] }
70 error Please try running this command again as root/Administrator.
71 verbose exit [ -13, true ]
72 verbose unbuild lib/node_modules/heroku-git
73 silly gentlyRm /usr/lib/node_modules/heroku-git is being purged from base /usr
74 verbose gentlyRm don't care about contents; nuking /usr/lib/node_modules/heroku-git
